-------------------------------------------------------------------------------
Test set: com.librarysystem.library_system.BookServiceTest
-------------------------------------------------------------------------------
Tests run: 10, Failures: 1, Errors: 1, Skipped: 0, Time elapsed: 0.674 s <<< FAILURE! -- in com.librarysystem.library_system.BookServiceTest
com.librarysystem.library_system.BookServiceTest.testReturnBook -- Time elapsed: 0.006 s <<< ERROR!
java.lang.NullPointerException: date must not be null
	at java.base/java.util.Objects.requireNonNull(Objects.java:246)
	at java.base/java.util.Calendar.setTime(Calendar.java:1803)
	at com.librarysystem.library_system.Book.setBorrowedDate(Book.java:115)
	at com.librarysystem.library_system.BookService.returnBook(BookService.java:126)
	at com.librarysystem.library_system.BookServiceTest.testReturnBook(BookServiceTest.java:205)
	at java.base/java.lang.reflect.Method.invoke(Method.java:580)
	at java.base/java.util.ArrayList.forEach(ArrayList.java:1597)
	at java.base/java.util.ArrayList.forEach(ArrayList.java:1597)

com.librarysystem.library_system.BookServiceTest.testPasswordTesting -- Time elapsed: 0.006 s <<< FAILURE!
org.opentest4j.AssertionFailedError: expected: <Student> but was: <null>
	at org.junit.jupiter.api.AssertionFailureBuilder.build(AssertionFailureBuilder.java:151)
	at org.junit.jupiter.api.AssertionFailureBuilder.buildAndThrow(AssertionFailureBuilder.java:132)
	at org.junit.jupiter.api.AssertEquals.failNotEqual(AssertEquals.java:197)
	at org.junit.jupiter.api.AssertEquals.assertEquals(AssertEquals.java:182)
	at org.junit.jupiter.api.AssertEquals.assertEquals(AssertEquals.java:177)
	at org.junit.jupiter.api.Assertions.assertEquals(Assertions.java:1145)
	at com.librarysystem.library_system.BookServiceTest.testPasswordTesting(BookServiceTest.java:260)
	at java.base/java.lang.reflect.Method.invoke(Method.java:580)
	at java.base/java.util.ArrayList.forEach(ArrayList.java:1597)
	at java.base/java.util.ArrayList.forEach(ArrayList.java:1597)

